0 info it worked if it ends with ok
1 verbose cli [ '/usr/local/bin/node', '/usr/local/bin/npm', 'start' ]
2 info using npm@3.5.2
3 info using node@v4.1.2
4 verbose run-script [ 'prestart', 'start', 'poststart' ]
5 info lifecycle cosmic-js-chat@1.0.0~prestart: cosmic-js-chat@1.0.0
6 silly lifecycle cosmic-js-chat@1.0.0~prestart: no script for prestart, continuing
7 info lifecycle cosmic-js-chat@1.0.0~start: cosmic-js-chat@1.0.0
8 verbose lifecycle cosmic-js-chat@1.0.0~start: unsafe-perm in lifecycle true
9 verbose lifecycle cosmic-js-chat@1.0.0~start: PATH: /usr/local/lib/node_modules/npm/bin/node-gyp-bin:/Users/tonyspiro/Desktop/developing/cosmicjs-chat/node_modules/.bin:/usr/local/bin:/usr/bin:/bin:/usr/sbin:/sbin:/opt/ImageMagick/bin:/Applications/Postgres.app/Contents/Versions/9.4/bin
10 verbose lifecycle cosmic-js-chat@1.0.0~start: CWD: /Users/tonyspiro/Desktop/developing/cosmicjs-chat
11 silly lifecycle cosmic-js-chat@1.0.0~start: Args: [ '-c', 'npm run production' ]
12 silly lifecycle cosmic-js-chat@1.0.0~start: Returned: code: 1  signal: null
13 info lifecycle cosmic-js-chat@1.0.0~start: Failed to exec start script
14 verbose stack Error: cosmic-js-chat@1.0.0 start: `npm run production`
14 verbose stack Exit status 1
14 verbose stack     at EventEmitter.<anonymous> (/usr/local/lib/node_modules/npm/lib/utils/lifecycle.js:232:16)
14 verbose stack     at emitTwo (events.js:87:13)
14 verbose stack     at EventEmitter.emit (events.js:172:7)
14 verbose stack     at ChildProcess.<anonymous> (/usr/local/lib/node_modules/npm/lib/utils/spawn.js:24:14)
14 verbose stack     at emitTwo (events.js:87:13)
14 verbose stack     at ChildProcess.emit (events.js:172:7)
14 verbose stack     at maybeClose (internal/child_process.js:818:16)
14 verbose stack     at Process.ChildProcess._handle.onexit (internal/child_process.js:211:5)
15 verbose pkgid cosmic-js-chat@1.0.0
16 verbose cwd /Users/tonyspiro/Desktop/developing/cosmicjs-chat
17 error Darwin 15.0.0
18 error argv "/usr/local/bin/node" "/usr/local/bin/npm" "start"
19 error node v4.1.2
20 error npm  v3.5.2
21 error code ELIFECYCLE
22 error cosmic-js-chat@1.0.0 start: `npm run production`
22 error Exit status 1
23 error Failed at the cosmic-js-chat@1.0.0 start script 'npm run production'.
23 error Make sure you have the latest version of node.js and npm installed.
23 error If you do, this is most likely a problem with the cosmic-js-chat package,
23 error not with npm itself.
23 error Tell the author that this fails on your system:
23 error     npm run production
23 error You can get information on how to open an issue for this project with:
23 error     npm bugs cosmic-js-chat
23 error Or if that isn't available, you can get their info via:
23 error     npm owner ls cosmic-js-chat
23 error There is likely additional logging output above.
24 verbose exit [ 1, true ]
